Starting job on gpu43.storrs.hpc.uconn.edu
Current working directory: /home/shz19039/sasp
SLURM Job ID: 18350135
Running seed=1, alpha=0.005
Epoch: 0
Train Loss: 12.92002010345459
Train Loss: 13.212629318237305
Train Loss: 15.622285842895508
Train Loss: 14.602361679077148
Train Loss: 13.773589134216309
Train Loss: 35.959564208984375
Train Loss: 12.501180648803711
Train Loss: 15.138317108154297
Train Loss: 20.4979190826416
Train Loss: 4.096808910369873
Valid Loss: 12.668476104736328
Valid Loss: 12.344291687011719
Valid Loss: 6.868205547332764
Epoch: 1
Train Loss: 38.944068908691406
Train Loss: 12.096259117126465
Train Loss: 17.326875686645508
Train Loss: 11.009284973144531
Train Loss: 11.03219985961914
Train Loss: 10.290948867797852
Train Loss: 12.441119194030762
Train Loss: 12.834903717041016
Train Loss: 10.754667282104492
Train Loss: 4.097652435302734
Valid Loss: 10.995467185974121
Valid Loss: 10.844524383544922
Valid Loss: 5.952290058135986
Epoch: 2
Train Loss: 10.10653305053711
Train Loss: 11.683337211608887
Train Loss: 12.753568649291992
Train Loss: 9.161687850952148
Train Loss: 10.130687713623047
Train Loss: 35.374847412109375
Train Loss: 8.788666725158691
Train Loss: 10.417932510375977
Train Loss: 10.28193473815918
Train Loss: 2.676177978515625
Valid Loss: 9.630678176879883
Valid Loss: 9.525381088256836
Valid Loss: 5.195879936218262
Epoch: 3
Train Loss: 10.080581665039062
Train Loss: 9.04228401184082
Train Loss: 27.63024139404297
Train Loss: 9.163341522216797
Train Loss: 14.242694854736328
Train Loss: 6.791559219360352
Train Loss: 6.713560581207275
Train Loss: 7.744339466094971
Train Loss: 10.862396240234375
Train Loss: 2.452274799346924
Valid Loss: 8.499105453491211
Valid Loss: 8.360929489135742
Valid Loss: 4.59052038192749
Epoch: 4
Train Loss: 6.4531097412109375
Train Loss: 12.360904693603516
Train Loss: 6.216765403747559
Train Loss: 8.01296615600586
Train Loss: 6.5398945808410645
Train Loss: 9.980921745300293
Train Loss: 24.687543869018555
Train Loss: 6.6470184326171875
Train Loss: 6.737407207489014
Train Loss: 2.5096943378448486
Valid Loss: 7.649321556091309
Valid Loss: 7.398416042327881
Valid Loss: 4.1356964111328125
Epoch: 5
Train Loss: 13.187309265136719
Train Loss: 5.880550861358643
Train Loss: 4.997129440307617
Train Loss: 5.576645851135254
Train Loss: 4.318966865539551
Train Loss: 4.023464202880859
Train Loss: 6.871445655822754
Train Loss: 22.73493003845215
Train Loss: 5.513991355895996
Train Loss: 4.103092670440674
Valid Loss: 7.235607624053955
Valid Loss: 6.805697441101074
Valid Loss: 3.9475345611572266
Epoch: 6
Train Loss: 5.434634208679199
Train Loss: 23.58930015563965
Train Loss: 9.295990943908691
Train Loss: 4.5236053466796875
Train Loss: 4.690878391265869
Train Loss: 4.6015448570251465
Train Loss: 3.905123233795166
Train Loss: 7.693562984466553
Train Loss: 7.069896697998047
Train Loss: 1.7459477186203003
Valid Loss: 7.1487603187561035
Valid Loss: 6.592404842376709
Valid Loss: 3.9277122020721436
Epoch: 7
Train Loss: 4.353717803955078
Train Loss: 6.09269905090332
Train Loss: 4.529548645019531
Train Loss: 5.5098557472229
Train Loss: 8.127888679504395
Train Loss: 4.453547477722168
Train Loss: 5.514135360717773
Train Loss: 25.44039535522461
Train Loss: 3.251789093017578
Train Loss: 2.2652111053466797
Valid Loss: 7.041848182678223
Valid Loss: 6.487898826599121
Valid Loss: 3.874810218811035
Epoch: 8
Train Loss: 8.3956880569458
Train Loss: 3.9011402130126953
Train Loss: 3.9462175369262695
Train Loss: 4.753658294677734
Train Loss: 5.404738426208496
Train Loss: 19.61023712158203
Train Loss: 5.145437240600586
Train Loss: 3.5515472888946533
Train Loss: 8.854233741760254
Train Loss: 2.8554296493530273
Valid Loss: 6.917774677276611
Valid Loss: 6.425145626068115
Valid Loss: 3.7749643325805664
Epoch: 9
Train Loss: 4.659803867340088
Train Loss: 3.9655418395996094
Train Loss: 6.201664447784424
Train Loss: 4.226622104644775
Train Loss: 7.3209147453308105
Train Loss: 8.983562469482422
Train Loss: 5.0303521156311035
Train Loss: 3.248645782470703
Train Loss: 19.99144744873047
Train Loss: 1.9666588306427002
Valid Loss: 6.811227321624756
Valid Loss: 6.310738563537598
Valid Loss: 3.636706590652466
Epoch: 10
Train Loss: 4.996129989624023
Train Loss: 6.17112922668457
Train Loss: 6.315382957458496
Train Loss: 4.43112850189209
Train Loss: 7.436983585357666
Train Loss: 19.647335052490234
Train Loss: 4.697492599487305
Train Loss: 4.321972846984863
Train Loss: 4.1028642654418945
Train Loss: 2.8789303302764893
Valid Loss: 6.763883590698242
Valid Loss: 6.21761417388916
Valid Loss: 3.5517385005950928
Epoch: 11
Train Loss: 4.064765453338623
Train Loss: 3.7701826095581055
Train Loss: 23.947402954101562
Train Loss: 4.409005641937256
Train Loss: 5.167630672454834
Train Loss: 3.660341262817383
Train Loss: 4.2526774406433105
Train Loss: 6.163230895996094
Train Loss: 5.732551574707031
Train Loss: 1.143415927886963
Valid Loss: 6.725480079650879
Valid Loss: 6.188941955566406
Valid Loss: 3.482722759246826
Epoch: 12
Train Loss: 3.9588537216186523
Train Loss: 3.044731378555298
Train Loss: 7.697309494018555
Train Loss: 2.6506805419921875
Train Loss: 19.948230743408203
Train Loss: 5.81403923034668
Train Loss: 5.278201103210449
Train Loss: 4.945884704589844
Train Loss: 3.1047091484069824
Train Loss: 4.890680313110352
Valid Loss: 6.690230369567871
Valid Loss: 6.081986904144287
Valid Loss: 3.3520171642303467
Epoch: 13
Train Loss: 4.666464328765869
Train Loss: 3.9168667793273926
Train Loss: 6.539687156677246
Train Loss: 5.131608486175537
Train Loss: 6.472691059112549
Train Loss: 4.506913661956787
Train Loss: 24.151649475097656
Train Loss: 3.7344236373901367
Train Loss: 3.2415850162506104
Train Loss: 1.406282901763916
Valid Loss: 6.716951370239258
Valid Loss: 6.024632453918457
Valid Loss: 3.3594813346862793
Epoch: 14
Train Loss: 8.055821418762207
Train Loss: 5.503239631652832
Train Loss: 3.2766690254211426
Train Loss: 19.00432014465332
Train Loss: 5.672043800354004
Train Loss: 4.362393379211426
Train Loss: 6.237663269042969
Train Loss: 3.555112838745117
Train Loss: 3.4298973083496094
Train Loss: 1.0305774211883545
Valid Loss: 6.6459479331970215
Valid Loss: 5.957205295562744
Valid Loss: 3.324502468109131
Epoch: 15
Train Loss: 5.615444183349609
Train Loss: 3.8056516647338867
Train Loss: 3.536628484725952
Train Loss: 7.320060729980469
Train Loss: 6.686557769775391
Train Loss: 21.33704376220703
Train Loss: 2.9886937141418457
Train Loss: 3.293168783187866
Train Loss: 3.787743091583252
Train Loss: 1.718498945236206
Valid Loss: 6.588977813720703
Valid Loss: 5.874113082885742
Valid Loss: 3.3064942359924316
Epoch: 16
Train Loss: 5.4197540283203125
Train Loss: 7.2484965324401855
Train Loss: 3.821230173110962
Train Loss: 3.419552803039551
Train Loss: 5.120566368103027
Train Loss: 3.847932815551758
Train Loss: 4.4210028648376465
Train Loss: 5.1498212814331055
Train Loss: 3.92606258392334
Train Loss: 13.882158279418945
Valid Loss: 6.629403114318848
Valid Loss: 5.852613925933838
Valid Loss: 3.3183035850524902
Epoch: 17
Train Loss: 3.063422441482544
Train Loss: 3.693880558013916
Train Loss: 5.235012531280518
Train Loss: 3.059079647064209
Train Loss: 7.540288925170898
Train Loss: 5.946063041687012
Train Loss: 3.9413394927978516
Train Loss: 4.162425994873047
Train Loss: 17.753572463989258
Train Loss: 1.2348761558532715
Valid Loss: 6.661059856414795
Valid Loss: 5.804600238800049
Valid Loss: 3.3195362091064453
Epoch: 18
Train Loss: 5.734704494476318
Train Loss: 17.03704071044922
Train Loss: 3.8451762199401855
Train Loss: 3.016204833984375
Train Loss: 4.822340488433838
Train Loss: 7.846275806427002
Train Loss: 3.3486328125
Train Loss: 2.9976048469543457
Train Loss: 3.097501516342163
Train Loss: 1.6477019786834717
Valid Loss: 6.744665145874023
Valid Loss: 5.798515796661377
Valid Loss: 3.329190969467163
Epoch: 19
Train Loss: 4.343960285186768
Train Loss: 15.215360641479492
Train Loss: 3.829224109649658
Train Loss: 3.6945252418518066
Train Loss: 8.498003959655762
Train Loss: 3.6924118995666504
Train Loss: 3.757826089859009
Train Loss: 4.7468767166137695
Train Loss: 3.7784581184387207
Train Loss: 2.4599175453186035
Valid Loss: 6.6176862716674805
Valid Loss: 5.731996536254883
Valid Loss: 3.3028831481933594
Epoch: 20
Train Loss: 3.7848610877990723
Train Loss: 4.709972381591797
Train Loss: 16.468597412109375
Train Loss: 3.4873547554016113
Train Loss: 3.9418728351593018
Train Loss: 6.638388633728027
Train Loss: 4.736617088317871
Train Loss: 4.189979553222656
Train Loss: 3.518817186355591
Train Loss: 1.728529691696167
Valid Loss: 6.540431022644043
Valid Loss: 5.727910041809082
Valid Loss: 3.2842373847961426
Epoch: 21
Train Loss: 3.1902647018432617
Train Loss: 3.6224303245544434
Train Loss: 3.667126178741455
Train Loss: 2.998889207839966
Train Loss: 4.452284336090088
Train Loss: 4.406126499176025
Train Loss: 8.186844825744629
Train Loss: 15.744518280029297
Train Loss: 4.46337890625
Train Loss: 1.0179791450500488
Valid Loss: 6.629411697387695
Valid Loss: 5.77103853225708
Valid Loss: 3.3230319023132324
Epoch: 22
Train Loss: 4.89307975769043
Train Loss: 17.744104385375977
Train Loss: 3.0207314491271973
Train Loss: 4.244634628295898
Train Loss: 3.241323471069336
Train Loss: 2.935314893722534
Train Loss: 4.951542377471924
Train Loss: 4.484357833862305
Train Loss: 3.53240704536438
Train Loss: 1.1040103435516357
Valid Loss: 6.633318901062012
Valid Loss: 5.769911766052246
Valid Loss: 3.293483257293701
Epoch: 23
Train Loss: 15.447371482849121
Train Loss: 4.3450846672058105
Train Loss: 3.2782299518585205
Train Loss: 3.1079177856445312
Train Loss: 5.281823635101318
Train Loss: 3.7708640098571777
Train Loss: 6.724854946136475
Train Loss: 3.5383682250976562
Train Loss: 3.0959579944610596
Train Loss: 1.5234829187393188
Valid Loss: 6.6851091384887695
Valid Loss: 5.791428565979004
Valid Loss: 3.2993485927581787
Epoch: 24
Train Loss: 3.7590060234069824
Train Loss: 5.397284984588623
Train Loss: 3.067652702331543
Train Loss: 6.2002854347229
Train Loss: 3.151456356048584
Train Loss: 3.494866371154785
Train Loss: 14.118059158325195
Train Loss: 2.933720588684082
Train Loss: 6.146524906158447
Train Loss: 1.114576816558838
Valid Loss: 6.604595184326172
Valid Loss: 5.753582000732422
Valid Loss: 3.2412729263305664
Epoch: 25
Train Loss: 3.0412611961364746
Train Loss: 3.6078221797943115
Train Loss: 4.572444915771484
Train Loss: 4.821870803833008
Train Loss: 3.5266435146331787
Train Loss: 3.0715227127075195
Train Loss: 7.119221210479736
Train Loss: 3.216940402984619
Train Loss: 3.2864630222320557
Train Loss: 14.130094528198242
Valid Loss: 6.738334655761719
Valid Loss: 5.740807056427002
Valid Loss: 3.2925755977630615
Epoch: 26
Train Loss: 3.2732043266296387
Train Loss: 3.340771198272705
Train Loss: 4.017332077026367
Train Loss: 3.4796905517578125
Train Loss: 7.204623222351074
Train Loss: 3.9844441413879395
Train Loss: 3.113661289215088
Train Loss: 3.299064874649048
Train Loss: 16.124948501586914
Train Loss: 1.7951375246047974
Valid Loss: 6.631540298461914
Valid Loss: 5.6845269203186035
Valid Loss: 3.2557737827301025
Epoch: 27
Train Loss: 3.678398609161377
Train Loss: 3.3152785301208496
Train Loss: 2.727484703063965
Train Loss: 18.63897132873535
Train Loss: 3.256330966949463
Train Loss: 3.004706859588623
Train Loss: 3.629096031188965
Train Loss: 3.5928587913513184
Train Loss: 4.893332004547119
Train Loss: 1.1579041481018066
Valid Loss: 6.699793338775635
Valid Loss: 5.713048934936523
Valid Loss: 3.333463668823242
Epoch: 28
Train Loss: 3.0617446899414062
Train Loss: 5.005529403686523
Train Loss: 15.433381080627441
Train Loss: 6.302504539489746
Train Loss: 3.2394256591796875
Train Loss: 3.55440354347229
Train Loss: 3.4304568767547607
Train Loss: 3.68990421295166
Train Loss: 2.826209306716919
Train Loss: 1.1412253379821777
Valid Loss: 6.48931884765625
Valid Loss: 5.643395900726318
Valid Loss: 3.2494752407073975
Epoch: 29
Train Loss: 3.1407265663146973
Train Loss: 4.260218620300293
Train Loss: 3.381302833557129
Train Loss: 4.467089653015137
Train Loss: 3.376159191131592
Train Loss: 14.64859390258789
Train Loss: 2.8794384002685547
Train Loss: 5.809363842010498
Train Loss: 4.522582530975342
Train Loss: 1.0372023582458496
Valid Loss: 6.562113285064697
Valid Loss: 5.680500030517578
Valid Loss: 3.293475866317749
Running seed=2, alpha=0.005
Epoch: 0
Train Loss: 16.767642974853516
Train Loss: 13.416816711425781
Train Loss: 32.32190704345703
Train Loss: 16.14926528930664
Train Loss: 15.523248672485352
Train Loss: 12.154574394226074
Train Loss: 14.595783233642578
Train Loss: 12.504777908325195
Train Loss: 14.154582977294922
Train Loss: 4.380306720733643
Valid Loss: 11.736878395080566
Valid Loss: 11.594593048095703
Valid Loss: 6.428094387054443
Epoch: 1
Train Loss: 12.531639099121094
Train Loss: 10.240468978881836
Train Loss: 14.182479858398438
Train Loss: 15.131695747375488
Train Loss: 10.285632133483887
Train Loss: 32.24592590332031
Train Loss: 9.326053619384766
Train Loss: 9.429145812988281
Train Loss: 9.946126937866211
Train Loss: 3.3796520233154297
Valid Loss: 9.95069694519043
Valid Loss: 9.680571556091309
Valid Loss: 5.286005973815918
Epoch: 2
Train Loss: 12.171487808227539
Train Loss: 9.162805557250977
Train Loss: 24.175106048583984
Train Loss: 7.961544036865234
Train Loss: 10.779220581054688
Train Loss: 8.025217056274414
Train Loss: 8.558086395263672
Train Loss: 9.818052291870117
Train Loss: 11.796711921691895
Train Loss: 2.149599075317383
Valid Loss: 8.695755004882812
Valid Loss: 8.303071975708008
Valid Loss: 4.488984107971191
Epoch: 3
Train Loss: 10.979278564453125
Train Loss: 10.115697860717773
Train Loss: 6.70554256439209
Train Loss: 7.17783260345459
Train Loss: 8.981205940246582
Train Loss: 7.931467056274414
Train Loss: 25.23495864868164
Train Loss: 6.1204328536987305
Train Loss: 7.134730339050293
Train Loss: 1.6767781972885132
Valid Loss: 7.882380485534668
Valid Loss: 7.324019432067871
Valid Loss: 3.927208662033081
Epoch: 4
Train Loss: 5.407915115356445
Train Loss: 8.379005432128906
Train Loss: 7.207663536071777
Train Loss: 5.112177848815918
Train Loss: 25.657024383544922
Train Loss: 12.081167221069336
Train Loss: 5.941341400146484
Train Loss: 4.849306106567383
Train Loss: 6.017114639282227
Train Loss: 1.2960247993469238
Valid Loss: 7.404782295227051
Valid Loss: 6.683026313781738
Valid Loss: 3.5904245376586914
Epoch: 5
Train Loss: 5.432333946228027
Train Loss: 7.322343826293945
Train Loss: 6.133560657501221
Train Loss: 22.769325256347656
Train Loss: 5.340044975280762
Train Loss: 6.362987995147705
Train Loss: 5.960865020751953
Train Loss: 3.5323896408081055
Train Loss: 5.3271942138671875
Train Loss: 5.271735191345215
Valid Loss: 7.200999736785889
Valid Loss: 6.30095100402832
Valid Loss: 3.422224283218384
Epoch: 6
Train Loss: 7.617732048034668
Train Loss: 6.202150344848633
Train Loss: 23.383150100708008
Train Loss: 4.98345422744751
Train Loss: 4.35518217086792
Train Loss: 6.303999423980713
Train Loss: 5.9312968254089355
Train Loss: 3.788499355316162
Train Loss: 4.336594581604004
Train Loss: 2.3493382930755615
Valid Loss: 7.1199469566345215
Valid Loss: 6.067676544189453
Valid Loss: 3.3698179721832275
Epoch: 7
Train Loss: 5.843625068664551
Train Loss: 5.237972259521484
Train Loss: 4.4260454177856445
Train Loss: 23.233932495117188
Train Loss: 7.403372764587402
Train Loss: 4.198489189147949
Train Loss: 3.943967819213867
Train Loss: 7.09259033203125
Train Loss: 4.063397407531738
Train Loss: 1.5740598440170288
Valid Loss: 7.055756568908691
Valid Loss: 5.9170451164245605
Valid Loss: 3.3518950939178467
Epoch: 8
Train Loss: 7.993468761444092
Train Loss: 3.8332529067993164
Train Loss: 4.30398416519165
Train Loss: 20.758394241333008
Train Loss: 5.249772548675537
Train Loss: 5.612190246582031
Train Loss: 6.7883429527282715
Train Loss: 4.895991325378418
Train Loss: 4.1695709228515625
Train Loss: 1.1557937860488892
Valid Loss: 7.0162224769592285
Valid Loss: 5.832866668701172
Valid Loss: 3.333094596862793
Epoch: 9
Train Loss: 6.121051788330078
Train Loss: 6.770847320556641
Train Loss: 3.7600345611572266
Train Loss: 4.8455939292907715
Train Loss: 3.8551363945007324
Train Loss: 25.203651428222656
Train Loss: 3.9234750270843506
Train Loss: 3.752617120742798
Train Loss: 3.690387725830078
Train Loss: 1.4074609279632568
Valid Loss: 6.975963115692139
Valid Loss: 5.756938457489014
Valid Loss: 3.320859909057617
Epoch: 10
Train Loss: 8.301921844482422
Train Loss: 3.68524169921875
Train Loss: 3.768385171890259
Train Loss: 4.148806095123291
Train Loss: 4.890682220458984
Train Loss: 6.912601947784424
Train Loss: 3.7928056716918945
Train Loss: 20.724872589111328
Train Loss: 3.933567523956299
Train Loss: 1.9343433380126953
Valid Loss: 6.907815933227539
Valid Loss: 5.71422815322876
Valid Loss: 3.297827959060669
Epoch: 11
Train Loss: 4.982453346252441
Train Loss: 3.9040579795837402
Train Loss: 3.8280436992645264
Train Loss: 23.749439239501953
Train Loss: 3.3581790924072266
Train Loss: 6.221127033233643
Train Loss: 5.806882858276367
Train Loss: 4.238403797149658
Train Loss: 4.350861072540283
Train Loss: 1.718482494354248
Valid Loss: 6.883141040802002
Valid Loss: 5.776210308074951
Valid Loss: 3.2787041664123535
Epoch: 12
Train Loss: 4.553112030029297
Train Loss: 5.673266887664795
Train Loss: 7.728048324584961
Train Loss: 19.622203826904297
Train Loss: 4.743903160095215
Train Loss: 4.6279754638671875
Train Loss: 4.344486713409424
Train Loss: 3.750150203704834
Train Loss: 3.8874666690826416
Train Loss: 1.4663441181182861
Valid Loss: 6.8604888916015625
Valid Loss: 5.766788959503174
Valid Loss: 3.2606189250946045
Epoch: 13
Train Loss: 5.314633369445801
Train Loss: 19.078582763671875
Train Loss: 6.372986316680908
Train Loss: 6.4498515129089355
Train Loss: 4.117671489715576
Train Loss: 3.51228666305542
Train Loss: 5.094079971313477
Train Loss: 3.2177038192749023
Train Loss: 4.611446380615234
Train Loss: 3.1956305503845215
Valid Loss: 6.82667875289917
Valid Loss: 5.685327529907227
Valid Loss: 3.2495360374450684
Epoch: 14
Train Loss: 4.501638412475586
Train Loss: 18.95437240600586
Train Loss: 3.06368350982666
Train Loss: 3.5087554454803467
Train Loss: 7.313531875610352
Train Loss: 3.794766902923584
Train Loss: 7.885741233825684
Train Loss: 2.889024496078491
Train Loss: 4.712050914764404
Train Loss: 2.0742874145507812
Valid Loss: 6.838770866394043
Valid Loss: 5.682775974273682
Valid Loss: 3.2325448989868164
Epoch: 15
Train Loss: 3.913440227508545
Train Loss: 5.313226699829102
Train Loss: 21.017974853515625
Train Loss: 4.769495010375977
Train Loss: 2.947153091430664
Train Loss: 3.1329708099365234
Train Loss: 6.6359100341796875
Train Loss: 4.646058082580566
Train Loss: 5.28278923034668
Train Loss: 1.9023767709732056
Valid Loss: 6.82391357421875
Valid Loss: 5.640966892242432
Valid Loss: 3.220233678817749
Epoch: 16
Train Loss: 3.892918586730957
Train Loss: 4.9481730461120605
Train Loss: 4.211499214172363
Train Loss: 2.942014217376709
Train Loss: 6.389520645141602
Train Loss: 4.380913257598877
Train Loss: 17.634700775146484
Train Loss: 7.141463279724121
Train Loss: 4.374600887298584
Train Loss: 1.2015047073364258
Valid Loss: 6.82002592086792
Valid Loss: 5.608674049377441
Valid Loss: 3.2239303588867188
Epoch: 17
Train Loss: 3.9571852684020996
Train Loss: 4.978526592254639
Train Loss: 9.391862869262695
Train Loss: 4.66456937789917
Train Loss: 3.3741366863250732
Train Loss: 2.689192771911621
Train Loss: 3.14939546585083
Train Loss: 4.087909698486328
Train Loss: 18.20020866394043
Train Loss: 1.6707466840744019
Valid Loss: 6.815800666809082
Valid Loss: 5.614845275878906
Valid Loss: 3.203939914703369
Epoch: 18
Train Loss: 4.955638408660889
Train Loss: 18.29585838317871
Train Loss: 4.452888488769531
Train Loss: 3.675549268722534
Train Loss: 3.433497428894043
Train Loss: 7.094228744506836
Train Loss: 5.5568366050720215
Train Loss: 3.875681161880493
Train Loss: 4.100496292114258
Train Loss: 1.5624195337295532
Valid Loss: 6.8258490562438965
Valid Loss: 5.573459625244141
Valid Loss: 3.197577476501465
Epoch: 19
Train Loss: 4.345214366912842
Train Loss: 3.4570682048797607
Train Loss: 7.469606399536133
Train Loss: 3.7317991256713867
Train Loss: 3.860095739364624
Train Loss: 7.037209987640381
Train Loss: 3.0796284675598145
Train Loss: 18.117467880249023
Train Loss: 3.3299334049224854
Train Loss: 1.4594804048538208
Valid Loss: 6.821333408355713
Valid Loss: 5.565441131591797
Valid Loss: 3.198286533355713
Epoch: 20
Train Loss: 3.570098400115967
Train Loss: 3.8754630088806152
Train Loss: 6.502702713012695
Train Loss: 18.534984588623047
Train Loss: 4.286888122558594
Train Loss: 3.5637929439544678
Train Loss: 3.0079753398895264
Train Loss: 5.765316486358643
Train Loss: 5.546525478363037
Train Loss: 1.7632341384887695
Valid Loss: 6.796454429626465
Valid Loss: 5.579257965087891
Valid Loss: 3.1960649490356445
Epoch: 21
Train Loss: 3.8774983882904053
Train Loss: 3.9485535621643066
Train Loss: 3.545257091522217
Train Loss: 3.735612392425537
Train Loss: 3.164130926132202
Train Loss: 5.305628299713135
Train Loss: 3.9477226734161377
Train Loss: 3.3796918392181396
Train Loss: 21.084369659423828
Train Loss: 1.6696105003356934
Valid Loss: 6.829632759094238
Valid Loss: 5.569339752197266
Valid Loss: 3.1808784008026123
Epoch: 22
Train Loss: 2.9286999702453613
Train Loss: 3.4618406295776367
Train Loss: 3.957265615463257
Train Loss: 19.33099365234375
Train Loss: 3.165452003479004
Train Loss: 3.762357473373413
Train Loss: 5.303665637969971
Train Loss: 6.611334800720215
Train Loss: 3.9503026008605957
Train Loss: 1.5628330707550049
Valid Loss: 6.790633678436279
Valid Loss: 5.608931541442871
Valid Loss: 3.18251633644104
Epoch: 23
Train Loss: 3.280384063720703
Train Loss: 6.928929805755615
Train Loss: 3.177023410797119
Train Loss: 3.248091697692871
Train Loss: 3.284965991973877
Train Loss: 3.5265464782714844
Train Loss: 4.338687419891357
Train Loss: 18.092487335205078
Train Loss: 7.136734962463379
Train Loss: 1.2699377536773682
Valid Loss: 6.74636173248291
Valid Loss: 5.53580379486084
Valid Loss: 3.1568198204040527
Epoch: 24
Train Loss: 4.282588958740234
Train Loss: 3.2886056900024414
Train Loss: 4.394771575927734
Train Loss: 4.665560722351074
Train Loss: 4.41332483291626
Train Loss: 6.325651168823242
Train Loss: 2.8692610263824463
Train Loss: 16.51581382751465
Train Loss: 5.691546440124512
Train Loss: 0.7932419776916504
Valid Loss: 6.779939651489258
Valid Loss: 5.506113052368164
Valid Loss: 3.1491763591766357
Epoch: 25
Train Loss: 3.897865056991577
Train Loss: 5.853481769561768
Train Loss: 17.06171226501465
Train Loss: 3.4859447479248047
Train Loss: 3.494680166244507
Train Loss: 4.2415642738342285
Train Loss: 6.436966419219971
Train Loss: 3.4131240844726562
Train Loss: 3.4231996536254883
Train Loss: 2.595560312271118
Valid Loss: 6.837152481079102
Valid Loss: 5.585639953613281
Valid Loss: 3.1563684940338135
Epoch: 26
Train Loss: 5.310868263244629
Train Loss: 8.102240562438965
Train Loss: 4.204145431518555
Train Loss: 4.152360439300537
Train Loss: 2.6821482181549072
Train Loss: 3.841233253479004
Train Loss: 4.1122026443481445
Train Loss: 17.54591941833496
Train Loss: 3.4534237384796143
Train Loss: 1.024802803993225
Valid Loss: 6.7985920906066895
Valid Loss: 5.557394027709961
Valid Loss: 3.147237777709961
Epoch: 27
Train Loss: 5.440729141235352
Train Loss: 3.5396029949188232
Train Loss: 6.8009867668151855
Train Loss: 4.891641139984131
Train Loss: 2.7901124954223633
Train Loss: 16.4334716796875
Train Loss: 4.018892288208008
Train Loss: 3.3401505947113037
Train Loss: 3.297527313232422
Train Loss: 1.0318398475646973
Valid Loss: 6.8018574714660645
Valid Loss: 5.573775291442871
Valid Loss: 3.1589150428771973
Epoch: 28
Train Loss: 3.5293073654174805
Train Loss: 6.904565811157227
Train Loss: 3.735208034515381
Train Loss: 16.828638076782227
Train Loss: 4.030892372131348
Train Loss: 3.1061694622039795
Train Loss: 4.911178112030029
Train Loss: 3.1237144470214844
Train Loss: 3.756774425506592
Train Loss: 1.4331974983215332
Valid Loss: 6.786327838897705
Valid Loss: 5.574068069458008
Valid Loss: 3.151614189147949
Epoch: 29
Train Loss: 3.072283983230591
Train Loss: 3.305232048034668
Train Loss: 4.056882381439209
Train Loss: 3.1838231086730957
Train Loss: 15.003270149230957
Train Loss: 3.5642285346984863
Train Loss: 6.115743160247803
Train Loss: 6.044422626495361
Train Loss: 3.3496475219726562
Train Loss: 1.3678202629089355
Valid Loss: 6.741379737854004
Valid Loss: 5.580565452575684
Valid Loss: 3.1325931549072266
Running seed=3, alpha=0.005
Epoch: 0
Train Loss: 14.651857376098633
Train Loss: 14.615665435791016
Train Loss: 19.184616088867188
Train Loss: 13.039323806762695
Train Loss: 13.579204559326172
Train Loss: 14.529596328735352
Train Loss: 13.337640762329102
Train Loss: 13.3712158203125
Train Loss: 14.267820358276367
Train Loss: 22.317468643188477
Valid Loss: 12.198534965515137
Valid Loss: 12.017889022827148
Valid Loss: 6.9776506423950195
Epoch: 1
Train Loss: 10.38571548461914
Train Loss: 31.553407669067383
Train Loss: 12.056510925292969
Train Loss: 12.558167457580566
Train Loss: 13.0747652053833
Train Loss: 11.256753921508789
Train Loss: 17.816606521606445
Train Loss: 11.071163177490234
Train Loss: 10.5652494430542
Train Loss: 4.8053975105285645
Valid Loss: 10.687553405761719
Valid Loss: 10.554258346557617
Valid Loss: 6.157009124755859
Epoch: 2
Train Loss: 9.713327407836914
Train Loss: 15.548569679260254
Train Loss: 28.26750946044922
Train Loss: 15.212589263916016
Train Loss: 10.344425201416016
Train Loss: 8.115753173828125
Train Loss: 9.31576156616211
Train Loss: 8.639721870422363
Train Loss: 9.24172306060791
Train Loss: 2.685962200164795
Valid Loss: 9.388801574707031
Valid Loss: 9.23857593536377
Valid Loss: 5.422481536865234
Epoch: 3
Train Loss: 9.608818054199219
Train Loss: 25.443531036376953
Train Loss: 10.278215408325195
Train Loss: 8.007024765014648
Train Loss: 10.169357299804688
Train Loss: 9.183449745178223
Train Loss: 10.996798515319824
Train Loss: 6.44918155670166
Train Loss: 10.956141471862793
Train Loss: 2.2683186531066895
Valid Loss: 8.236516952514648
Valid Loss: 8.047529220581055
Valid Loss: 4.749638557434082
Epoch: 4
Train Loss: 9.154447555541992
Train Loss: 9.935564041137695
Train Loss: 9.114723205566406
Train Loss: 7.440253257751465
Train Loss: 5.429994583129883
Train Loss: 7.7786760330200195
Train Loss: 21.794605255126953
Train Loss: 7.938179016113281
Train Loss: 9.873800277709961
Train Loss: 2.0122780799865723
Valid Loss: 7.33779239654541
Valid Loss: 7.00583028793335
Valid Loss: 4.165503978729248
Epoch: 5
Train Loss: 8.18170166015625
Train Loss: 10.260175704956055
Train Loss: 23.153961181640625
Train Loss: 5.429934501647949
Train Loss: 8.107770919799805
Train Loss: 5.561058044433594
Train Loss: 4.779402732849121
Train Loss: 5.5340728759765625
Train Loss: 6.563283920288086
Train Loss: 1.970097541809082
Valid Loss: 6.808710098266602
Valid Loss: 6.1954121589660645
Valid Loss: 3.717381477355957
Epoch: 6
Train Loss: 7.511052131652832
Train Loss: 6.510939598083496
Train Loss: 4.861445426940918
Train Loss: 6.907437324523926
Train Loss: 4.564769268035889
Train Loss: 6.323199272155762
Train Loss: 6.739234447479248
Train Loss: 20.478822708129883
Train Loss: 4.4601545333862305
Train Loss: 1.7113465070724487
Valid Loss: 6.622208118438721
Valid Loss: 5.670385837554932
Valid Loss: 3.4686155319213867
Epoch: 7
Train Loss: 4.577557563781738
Train Loss: 5.096598148345947
Train Loss: 5.103376388549805
Train Loss: 4.917122840881348
Train Loss: 6.540850639343262
Train Loss: 7.780965328216553
Train Loss: 4.330513954162598
Train Loss: 5.766433238983154
Train Loss: 20.417137145996094
Train Loss: 1.2831522226333618
Valid Loss: 6.743229866027832
Valid Loss: 5.440444469451904
Valid Loss: 3.4291858673095703
Epoch: 8
Train Loss: 4.494633674621582
Train Loss: 22.044904708862305
Train Loss: 4.839694976806641
Train Loss: 3.2219619750976562
Train Loss: 5.971817970275879
Train Loss: 5.285831928253174
Train Loss: 3.4686107635498047
Train Loss: 7.231029033660889
Train Loss: 4.710407257080078
Train Loss: 2.789771795272827
Valid Loss: 6.838515281677246
Valid Loss: 5.342294216156006
Valid Loss: 3.4417214393615723
Epoch: 9
Train Loss: 7.611142635345459
Train Loss: 5.933432102203369
Train Loss: 5.605627536773682
Train Loss: 5.262480735778809
Train Loss: 3.884364604949951
Train Loss: 4.177045822143555
Train Loss: 4.785691261291504
Train Loss: 5.465673446655273
Train Loss: 19.2791690826416
Train Loss: 1.1402614116668701
Valid Loss: 6.819248199462891
Valid Loss: 5.249722480773926
Valid Loss: 3.415104389190674
Epoch: 10
Train Loss: 4.0374250411987305
Train Loss: 3.7426650524139404
Train Loss: 7.134889125823975
Train Loss: 4.472239971160889
Train Loss: 5.726418495178223
Train Loss: 20.084287643432617
Train Loss: 6.104846477508545
Train Loss: 3.473391056060791
Train Loss: 5.205180644989014
Train Loss: 1.5640788078308105
Valid Loss: 6.780489921569824
Valid Loss: 5.20352840423584
Valid Loss: 3.415160894393921
Epoch: 11
Train Loss: 4.30764102935791
Train Loss: 6.187437534332275
Train Loss: 5.964351654052734
Train Loss: 4.862589359283447
Train Loss: 21.34853172302246
Train Loss: 3.569894790649414
Train Loss: 3.317401647567749
Train Loss: 7.471700191497803
Train Loss: 4.673465728759766
Train Loss: 1.255255937576294
Valid Loss: 6.683690071105957
Valid Loss: 5.181106090545654
Valid Loss: 3.39707088470459
Epoch: 12
Train Loss: 6.956814765930176
Train Loss: 3.836658477783203
Train Loss: 3.517157793045044
Train Loss: 3.314694881439209
Train Loss: 6.40643835067749
Train Loss: 19.583560943603516
Train Loss: 6.566513538360596
Train Loss: 4.54176664352417
Train Loss: 4.774983882904053
Train Loss: 1.6027069091796875
Valid Loss: 6.6701250076293945
Valid Loss: 5.168462753295898
Valid Loss: 3.4014317989349365
Epoch: 13
Train Loss: 5.590648651123047
Train Loss: 4.606415271759033
Train Loss: 17.13904571533203
Train Loss: 4.917675018310547
Train Loss: 3.098541736602783
Train Loss: 4.290685653686523
Train Loss: 5.009777069091797
Train Loss: 5.245900630950928
Train Loss: 7.9978132247924805
Train Loss: 1.3344459533691406
Valid Loss: 6.626977443695068
Valid Loss: 5.129260063171387
Valid Loss: 3.389174461364746
Epoch: 14
Train Loss: 4.444706916809082
Train Loss: 9.586517333984375
Train Loss: 4.165975093841553
Train Loss: 4.211301326751709
Train Loss: 17.778980255126953
Train Loss: 4.053869247436523
Train Loss: 3.6878623962402344
Train Loss: 5.567214012145996
Train Loss: 2.656604290008545
Train Loss: 2.43593430519104
Valid Loss: 6.615948677062988
Valid Loss: 5.111391067504883
Valid Loss: 3.3746280670166016
Epoch: 15
Train Loss: 4.217316150665283
Train Loss: 6.055264949798584
Train Loss: 3.5457849502563477
Train Loss: 17.79930305480957
Train Loss: 4.269003391265869
Train Loss: 4.902751445770264
Train Loss: 4.636687278747559
Train Loss: 7.099601745605469
Train Loss: 3.96582293510437
Train Loss: 1.696277141571045
Valid Loss: 6.580567836761475
Valid Loss: 5.115393161773682
Valid Loss: 3.368776321411133
Epoch: 16
Train Loss: 3.7590103149414062
Train Loss: 4.240174293518066
Train Loss: 4.576063632965088
Train Loss: 3.8521387577056885
Train Loss: 18.448530197143555
Train Loss: 6.8200907707214355
Train Loss: 4.68448543548584
Train Loss: 3.377821922302246
Train Loss: 4.478918075561523
Train Loss: 2.3484888076782227
Valid Loss: 6.550839424133301
Valid Loss: 5.126232147216797
Valid Loss: 3.3582706451416016
Epoch: 17
Train Loss: 4.102968692779541
Train Loss: 4.160660743713379
Train Loss: 4.358457565307617
Train Loss: 6.07775354385376
Train Loss: 8.755263328552246
Train Loss: 17.585866928100586
Train Loss: 3.0599663257598877
Train Loss: 3.444558620452881
Train Loss: 3.0930514335632324
Train Loss: 1.7368154525756836
Valid Loss: 6.531243324279785
Valid Loss: 5.142658710479736
Valid Loss: 3.3348634243011475
Epoch: 18
Train Loss: 4.897549152374268
Train Loss: 6.684529781341553
Train Loss: 7.142064571380615
Train Loss: 4.05755090713501
Train Loss: 19.04119300842285
Train Loss: 3.242997169494629
Train Loss: 2.808438777923584
Train Loss: 3.938271999359131
Train Loss: 5.069940567016602
Train Loss: 1.0626156330108643
Valid Loss: 6.581989288330078
Valid Loss: 5.147272109985352
Valid Loss: 3.334505558013916
Epoch: 19
Train Loss: 4.361573219299316
Train Loss: 3.9456844329833984
Train Loss: 3.700778007507324
Train Loss: 3.1285769939422607
Train Loss: 3.4684982299804688
Train Loss: 21.485292434692383
Train Loss: 3.34004282951355
Train Loss: 6.485198974609375
Train Loss: 4.930010795593262
Train Loss: 1.07771897315979
Valid Loss: 6.519270420074463
Valid Loss: 5.128386497497559
Valid Loss: 3.342991352081299
Epoch: 20
Train Loss: 3.5374505519866943
Train Loss: 4.625114917755127
Train Loss: 4.573071479797363
Train Loss: 5.384908199310303
Train Loss: 17.73065757751465
Train Loss: 4.875667572021484
Train Loss: 3.368276596069336
Train Loss: 6.186150074005127
Train Loss: 4.7648773193359375
Train Loss: 1.0148935317993164
Valid Loss: 6.483707904815674
Valid Loss: 5.165278911590576
Valid Loss: 3.3395471572875977
Epoch: 21
Train Loss: 15.85236930847168
Train Loss: 3.374856948852539
Train Loss: 3.6973180770874023
Train Loss: 3.2593817710876465
Train Loss: 3.9033493995666504
Train Loss: 8.638829231262207
Train Loss: 5.035065650939941
Train Loss: 3.147049903869629
Train Loss: 4.742990970611572
Train Loss: 1.405383825302124
Valid Loss: 6.557422161102295
Valid Loss: 5.19611930847168
Valid Loss: 3.373371124267578
Epoch: 22
Train Loss: 3.7899203300476074
Train Loss: 3.2982425689697266
Train Loss: 4.499180793762207
Train Loss: 4.10360050201416
Train Loss: 17.141761779785156
Train Loss: 4.226473331451416
Train Loss: 4.557843208312988
Train Loss: 2.8325486183166504
Train Loss: 3.812807321548462
Train Loss: 4.699602127075195
Valid Loss: 6.493669033050537
Valid Loss: 5.1656813621521
Valid Loss: 3.3310933113098145
Epoch: 23
Train Loss: 3.4431440830230713
Train Loss: 4.988073825836182
Train Loss: 3.308870553970337
Train Loss: 14.54488754272461
Train Loss: 3.912780284881592
Train Loss: 5.214991569519043
Train Loss: 3.806455612182617
Train Loss: 6.9072113037109375
Train Loss: 4.048600196838379
Train Loss: 1.4035394191741943
Valid Loss: 6.512812614440918
Valid Loss: 5.154211044311523
Valid Loss: 3.309774160385132
Epoch: 24
Train Loss: 4.323331832885742
Train Loss: 19.674575805664062
Train Loss: 3.2949411869049072
Train Loss: 4.013660907745361
Train Loss: 3.0794172286987305
Train Loss: 3.453701972961426
Train Loss: 3.9219648838043213
Train Loss: 5.119248390197754
Train Loss: 4.150420188903809
Train Loss: 1.515299916267395
Valid Loss: 6.54093599319458
Valid Loss: 5.227877616882324
Valid Loss: 3.3406543731689453
Epoch: 25
Train Loss: 4.885053634643555
Train Loss: 3.610599994659424
Train Loss: 3.0457639694213867
Train Loss: 3.3871572017669678
Train Loss: 2.8808841705322266
Train Loss: 6.519704341888428
Train Loss: 15.180750846862793
Train Loss: 3.4477176666259766
Train Loss: 5.6466593742370605
Train Loss: 1.14534330368042
Valid Loss: 6.434328079223633
Valid Loss: 5.20026969909668
Valid Loss: 3.326301097869873
Epoch: 26
Train Loss: 7.946761131286621
Train Loss: 4.248246669769287
Train Loss: 4.40010929107666
Train Loss: 3.5322089195251465
Train Loss: 2.9167041778564453
Train Loss: 3.3645215034484863
Train Loss: 3.8342719078063965
Train Loss: 12.817071914672852
Train Loss: 3.3928942680358887
Train Loss: 1.3020063638687134
Valid Loss: 6.368147373199463
Valid Loss: 5.213788032531738
Valid Loss: 3.328131675720215
Epoch: 27
Train Loss: 3.1217875480651855
Train Loss: 4.207629203796387
Train Loss: 6.026060104370117
Train Loss: 3.1066207885742188
Train Loss: 5.527409553527832
Train Loss: 3.2149062156677246
Train Loss: 3.9601550102233887
Train Loss: 2.996368885040283
Train Loss: 14.381152153015137
Train Loss: 1.8528704643249512
Valid Loss: 6.448797702789307
Valid Loss: 5.291901588439941
Valid Loss: 3.3618054389953613
Epoch: 28
Train Loss: 3.4724838733673096
Train Loss: 4.996021747589111
Train Loss: 2.8753902912139893
Train Loss: 3.91573166847229
Train Loss: 3.938709259033203
Train Loss: 2.492501735687256
Train Loss: 8.100310325622559
Train Loss: 4.049561977386475
Train Loss: 13.742539405822754
Train Loss: 1.1166493892669678
Valid Loss: 6.5479207038879395
Valid Loss: 5.321622371673584
Valid Loss: 3.3622565269470215
Epoch: 29
Train Loss: 3.0056345462799072
Train Loss: 3.443676710128784
Train Loss: 2.836233615875244
Train Loss: 4.217123985290527
Train Loss: 4.638248443603516
Train Loss: 3.102626085281372
Train Loss: 3.849203586578369
Train Loss: 6.631064414978027
Train Loss: 4.5524678230285645
Train Loss: 11.310160636901855
Valid Loss: 6.521714210510254
Valid Loss: 5.315468788146973
Valid Loss: 3.375675916671753
Running seed=4, alpha=0.005
Epoch: 0
Train Loss: 13.305996894836426
Train Loss: 14.582124710083008
Train Loss: 17.477397918701172
Train Loss: 13.385799407958984
Train Loss: 13.18297290802002
Train Loss: 13.199211120605469
Train Loss: 13.075976371765137
Train Loss: 13.498790740966797
Train Loss: 38.11098098754883
Train Loss: 4.876796722412109
Valid Loss: 12.044380187988281
Valid Loss: 11.80749797821045
Valid Loss: 6.362691879272461
Epoch: 1
Train Loss: 10.199701309204102
Train Loss: 9.192068099975586
Train Loss: 12.2633056640625
Train Loss: 12.203523635864258
Train Loss: 8.52074909210205
Train Loss: 35.51886749267578
Train Loss: 10.43984603881836
Train Loss: 7.933191299438477
Train Loss: 13.412712097167969
Train Loss: 2.895413875579834
Valid Loss: 9.8569917678833
Valid Loss: 9.472562789916992
Valid Loss: 5.09257698059082
Epoch: 2
Train Loss: 10.26357364654541
Train Loss: 11.537393569946289
Train Loss: 9.062570571899414
Train Loss: 8.949118614196777
Train Loss: 7.257511138916016
Train Loss: 7.486615180969238
Train Loss: 6.3079938888549805
Train Loss: 10.216833114624023
Train Loss: 26.57404136657715
Train Loss: 2.4104652404785156
Valid Loss: 8.560663223266602
Valid Loss: 7.951149940490723
Valid Loss: 4.245273590087891
Epoch: 3
Train Loss: 9.005727767944336
Train Loss: 8.16653060913086
Train Loss: 25.26293182373047
Train Loss: 12.275992393493652
Train Loss: 5.303605556488037
Train Loss: 7.292773723602295
Train Loss: 5.718210697174072
Train Loss: 6.138117790222168
Train Loss: 4.655927658081055
Train Loss: 2.4434151649475098
Valid Loss: 7.840664863586426
Valid Loss: 7.013118267059326
Valid Loss: 3.7196738719940186
Epoch: 4
Train Loss: 8.018310546875
Train Loss: 7.178822994232178
Train Loss: 7.5894622802734375
Train Loss: 5.455569267272949
Train Loss: 28.10601043701172
Train Loss: 4.296060085296631
Train Loss: 4.188555717468262
Train Loss: 3.652395248413086
Train Loss: 6.203115940093994
Train Loss: 1.7027029991149902
Valid Loss: 7.439512252807617
Valid Loss: 6.440943241119385
Valid Loss: 3.427433967590332
Epoch: 5
Train Loss: 12.574630737304688
Train Loss: 3.944467067718506
Train Loss: 22.91879653930664
Train Loss: 6.3181304931640625
Train Loss: 5.310644626617432
Train Loss: 5.052853584289551
Train Loss: 5.21500825881958
Train Loss: 4.494173526763916
Train Loss: 4.7986345291137695
Train Loss: 1.9829144477844238
Valid Loss: 7.188731670379639
Valid Loss: 6.167637825012207
Valid Loss: 3.262221336364746
Epoch: 6
Train Loss: 8.576086044311523
Train Loss: 4.0489935874938965
Train Loss: 4.22884464263916
Train Loss: 4.114448070526123
Train Loss: 8.391315460205078
Train Loss: 5.232192039489746
Train Loss: 3.854691743850708
Train Loss: 20.32453727722168
Train Loss: 7.573282241821289
Train Loss: 1.635916829109192
Valid Loss: 7.049926280975342
Valid Loss: 5.993481159210205
Valid Loss: 3.1700692176818848
Epoch: 7
Train Loss: 20.31287956237793
Train Loss: 6.481926918029785
Train Loss: 4.679760456085205
Train Loss: 8.568373680114746
Train Loss: 4.758116245269775
Train Loss: 4.488457202911377
Train Loss: 6.564582824707031
Train Loss: 5.035482406616211
Train Loss: 4.155454635620117
Train Loss: 1.3494832515716553
Valid Loss: 6.913913249969482
Valid Loss: 5.816442489624023
Valid Loss: 3.127105236053467
Epoch: 8
Train Loss: 3.3729467391967773
Train Loss: 4.2283616065979
Train Loss: 5.339044094085693
Train Loss: 7.626404285430908
Train Loss: 3.916097640991211
Train Loss: 5.237372398376465
Train Loss: 23.863691329956055
Train Loss: 4.9767632484436035
Train Loss: 4.6953935623168945
Train Loss: 1.2186279296875
Valid Loss: 6.857093334197998
Valid Loss: 5.688196659088135
Valid Loss: 3.1011335849761963
Epoch: 9
Train Loss: 6.957919120788574
Train Loss: 3.668153762817383
Train Loss: 4.853789329528809
Train Loss: 18.579605102539062
Train Loss: 4.286129474639893
Train Loss: 10.411398887634277
Train Loss: 3.5624160766601562
Train Loss: 5.007655620574951
Train Loss: 5.189709663391113
Train Loss: 1.0680181980133057
Valid Loss: 6.771679878234863
Valid Loss: 5.58936882019043
Valid Loss: 3.0852928161621094
Epoch: 10
Train Loss: 4.018975257873535
Train Loss: 10.359116554260254
Train Loss: 18.732269287109375
Train Loss: 3.417987108230591
Train Loss: 3.2340950965881348
Train Loss: 5.1437296867370605
Train Loss: 3.900073289871216
Train Loss: 6.216879844665527
Train Loss: 5.235469818115234
Train Loss: 1.4846564531326294
Valid Loss: 6.669684410095215
Valid Loss: 5.52406120300293
Valid Loss: 3.063969612121582
Epoch: 11
Train Loss: 4.662496566772461
Train Loss: 9.711166381835938
Train Loss: 3.956634998321533
Train Loss: 5.137809753417969
Train Loss: 3.654099464416504
Train Loss: 3.5511865615844727
Train Loss: 5.105208396911621
Train Loss: 7.242795944213867
Train Loss: 20.363916397094727
Train Loss: 2.009509563446045
Valid Loss: 6.642222881317139
Valid Loss: 5.489725112915039
Valid Loss: 3.06078839302063
Epoch: 12
Train Loss: 4.282038688659668
Train Loss: 3.976539134979248
Train Loss: 3.805248260498047
Train Loss: 6.8678812980651855
Train Loss: 17.261194229125977
Train Loss: 5.138591766357422
Train Loss: 4.699533462524414
Train Loss: 8.363049507141113
Train Loss: 3.7485580444335938
Train Loss: 1.485991358757019
Valid Loss: 6.570641994476318
Valid Loss: 5.437668800354004
Valid Loss: 3.0633060932159424
Epoch: 13
Train Loss: 3.4746174812316895
Train Loss: 4.06960916519165
Train Loss: 4.246176719665527
Train Loss: 4.3070759773254395
Train Loss: 3.7855136394500732
Train Loss: 4.276663780212402
Train Loss: 3.6108059883117676
Train Loss: 10.088201522827148
Train Loss: 6.473248481750488
Train Loss: 14.594374656677246
Valid Loss: 6.487739086151123
Valid Loss: 5.387046813964844
Valid Loss: 3.0611143112182617
Epoch: 14
Train Loss: 7.290581703186035
Train Loss: 20.240222930908203
Train Loss: 4.476953506469727
Train Loss: 5.883064270019531
Train Loss: 3.886004686355591
Train Loss: 3.5243163108825684
Train Loss: 4.240766525268555
Train Loss: 3.5464746952056885
Train Loss: 3.7835888862609863
Train Loss: 2.114382743835449
Valid Loss: 6.459081649780273
Valid Loss: 5.333331108093262
Valid Loss: 3.069281816482544
Epoch: 15
Train Loss: 5.4359235763549805
Train Loss: 3.868500232696533
Train Loss: 3.621016502380371
Train Loss: 3.668086528778076
Train Loss: 19.19025230407715
Train Loss: 4.589160442352295
Train Loss: 7.135570049285889
Train Loss: 6.7056498527526855
Train Loss: 3.415309429168701
Train Loss: 1.3323352336883545
Valid Loss: 6.4357194900512695
Valid Loss: 5.302910804748535
Valid Loss: 3.0755233764648438
Epoch: 16
Train Loss: 3.4557976722717285
Train Loss: 17.877199172973633
Train Loss: 6.129528522491455
Train Loss: 4.040008068084717
Train Loss: 3.448535919189453
Train Loss: 4.694795608520508
Train Loss: 6.967379093170166
Train Loss: 4.452792644500732
Train Loss: 4.371143341064453
Train Loss: 1.6922640800476074
Valid Loss: 6.331856727600098
Valid Loss: 5.258199214935303
Valid Loss: 3.0566182136535645
Epoch: 17
Train Loss: 3.735687494277954
Train Loss: 4.756746292114258
Train Loss: 4.654869079589844
Train Loss: 5.8792314529418945
Train Loss: 3.6270627975463867
Train Loss: 9.424458503723145
Train Loss: 3.4085230827331543
Train Loss: 3.648773193359375
Train Loss: 16.419567108154297
Train Loss: 1.7822554111480713
Valid Loss: 6.288180351257324
Valid Loss: 5.283385276794434
Valid Loss: 3.055729866027832
Epoch: 18
Train Loss: 4.229219436645508
Train Loss: 4.5224289894104
Train Loss: 3.9629640579223633
Train Loss: 3.0081450939178467
Train Loss: 6.052656173706055
Train Loss: 5.858521461486816
Train Loss: 4.219610691070557
Train Loss: 3.7342777252197266
Train Loss: 4.876761436462402
Train Loss: 14.769797325134277
Valid Loss: 6.2516679763793945
Valid Loss: 5.231929779052734
Valid Loss: 3.0445845127105713
Epoch: 19
Train Loss: 3.9535012245178223
Train Loss: 3.3633697032928467
Train Loss: 4.352586269378662
Train Loss: 6.593080520629883
Train Loss: 4.641111373901367
Train Loss: 16.3875732421875
Train Loss: 3.100998640060425
Train Loss: 5.14793062210083
Train Loss: 4.652429580688477
Train Loss: 1.3589813709259033
Valid Loss: 6.236475467681885
Valid Loss: 5.215595245361328
Valid Loss: 3.0473639965057373
Epoch: 20
Train Loss: 17.15264892578125
Train Loss: 4.059721946716309
Train Loss: 3.93575382232666
Train Loss: 6.84090518951416
Train Loss: 4.764382362365723
Train Loss: 3.9899544715881348
Train Loss: 2.8260371685028076
Train Loss: 3.2830591201782227
Train Loss: 4.002140045166016
Train Loss: 2.9815547466278076
Valid Loss: 6.225325584411621
Valid Loss: 5.182221412658691
Valid Loss: 3.0576329231262207
Epoch: 21
Train Loss: 3.728132486343384
Train Loss: 4.6682610511779785
Train Loss: 5.2764692306518555
Train Loss: 4.580094337463379
Train Loss: 6.558810234069824
Train Loss: 3.8982834815979004
Train Loss: 4.50623083114624
Train Loss: 3.7334721088409424
Train Loss: 16.812503814697266
Train Loss: 1.129918098449707
Valid Loss: 6.207771301269531
Valid Loss: 5.207383155822754
Valid Loss: 3.065901279449463
Epoch: 22
Train Loss: 3.853175163269043
Train Loss: 7.250729560852051
Train Loss: 3.60385799407959
Train Loss: 3.3304998874664307
Train Loss: 7.027292728424072
Train Loss: 18.574398040771484
Train Loss: 3.076272964477539
Train Loss: 4.66463565826416
Train Loss: 2.670410633087158
Train Loss: 1.4596879482269287
Valid Loss: 6.130545616149902
Valid Loss: 5.228700160980225
Valid Loss: 3.058729410171509
Epoch: 23
Train Loss: 3.1730847358703613
Train Loss: 3.2368369102478027
Train Loss: 3.2980871200561523
Train Loss: 6.593026161193848
Train Loss: 16.37135124206543
Train Loss: 4.448094367980957
Train Loss: 7.187774658203125
Train Loss: 4.4336042404174805
Train Loss: 3.447175979614258
Train Loss: 1.1715912818908691
Valid Loss: 6.145285606384277
Valid Loss: 5.217597961425781
Valid Loss: 3.046969175338745
Epoch: 24
Train Loss: 3.498843193054199
Train Loss: 3.3320887088775635
Train Loss: 4.9024786949157715
Train Loss: 16.12347984313965
Train Loss: 2.872271776199341
Train Loss: 9.044748306274414
Train Loss: 3.5491843223571777
Train Loss: 4.154215335845947
Train Loss: 4.2757978439331055
Train Loss: 0.9221251606941223
Valid Loss: 6.131807804107666
Valid Loss: 5.231929302215576
Valid Loss: 3.042369842529297
Epoch: 25
Train Loss: 3.926135540008545
Train Loss: 15.753296852111816
Train Loss: 3.1329383850097656
Train Loss: 4.742925643920898
Train Loss: 5.3114824295043945
Train Loss: 6.122129440307617
Train Loss: 3.407261371612549
Train Loss: 3.508371591567993
Train Loss: 4.809966564178467
Train Loss: 1.7566615343093872
Valid Loss: 6.193548202514648
Valid Loss: 5.234787940979004
Valid Loss: 3.029717445373535
Epoch: 26
Train Loss: 4.0118889808654785
Train Loss: 3.3724305629730225
Train Loss: 6.384762763977051
Train Loss: 4.9348931312561035
Train Loss: 15.165042877197266
Train Loss: 3.4356634616851807
Train Loss: 4.843501091003418
Train Loss: 3.0730397701263428
Train Loss: 4.998771667480469
Train Loss: 1.3026210069656372
Valid Loss: 6.116357326507568
Valid Loss: 5.191682815551758
Valid Loss: 3.010153293609619
Epoch: 27
Train Loss: 4.015993595123291
Train Loss: 15.554481506347656
Train Loss: 3.03531551361084
Train Loss: 3.5512988567352295
Train Loss: 3.6421613693237305
Train Loss: 6.445160388946533
Train Loss: 3.1828317642211914
Train Loss: 3.63832950592041
Train Loss: 5.576760292053223
Train Loss: 1.0814273357391357
Valid Loss: 6.107437610626221
Valid Loss: 5.162448883056641
Valid Loss: 3.0078365802764893
Epoch: 28
Train Loss: 3.1412177085876465
Train Loss: 13.97953987121582
Train Loss: 5.617733001708984
Train Loss: 4.417843818664551
Train Loss: 4.68950080871582
Train Loss: 3.808004379272461
Train Loss: 3.500366449356079
Train Loss: 3.8543310165405273
Train Loss: 2.903791666030884
Train Loss: 1.518040418624878
Valid Loss: 6.038121223449707
Valid Loss: 5.148150444030762
Valid Loss: 2.9970755577087402
Epoch: 29
Train Loss: 3.046621084213257
Train Loss: 3.4987268447875977
Train Loss: 15.206064224243164
Train Loss: 8.452731132507324
Train Loss: 4.709348201751709
Train Loss: 3.3242604732513428
Train Loss: 3.2589550018310547
Train Loss: 3.411268472671509
Train Loss: 3.5179383754730225
Train Loss: 1.3035590648651123
Valid Loss: 6.080389022827148
Valid Loss: 5.2140607833862305
Valid Loss: 3.0242483615875244
Running seed=5, alpha=0.005
Epoch: 0
Train Loss: 22.04444122314453
Train Loss: 16.277812957763672
Train Loss: 16.57940673828125
Train Loss: 18.180753707885742
Train Loss: 13.305770874023438
Train Loss: 11.520408630371094
Train Loss: 32.78756332397461
Train Loss: 12.18787670135498
Train Loss: 12.200940132141113
Train Loss: 4.7859392166137695
Valid Loss: 13.213884353637695
Valid Loss: 12.327116966247559
Valid Loss: 6.911876678466797
Epoch: 1
Train Loss: 18.630821228027344
Train Loss: 12.139542579650879
Train Loss: 11.242884635925293
Train Loss: 33.33631134033203
Train Loss: 12.907082557678223
Train Loss: 10.711190223693848
Train Loss: 10.448220252990723
Train Loss: 12.213690757751465
Train Loss: 13.74176025390625
Train Loss: 3.5389137268066406
Valid Loss: 11.767820358276367
Valid Loss: 10.62222671508789
Valid Loss: 6.018125534057617
Epoch: 2
Train Loss: 10.896589279174805
Train Loss: 9.727606773376465
Train Loss: 8.920071601867676
Train Loss: 9.45659065246582
Train Loss: 9.003986358642578
Train Loss: 28.39751434326172
Train Loss: 10.019781112670898
Train Loss: 17.159833908081055
Train Loss: 13.010244369506836
Train Loss: 4.621716499328613
Valid Loss: 10.51435375213623
Valid Loss: 9.119882583618164
Valid Loss: 5.240560054779053
Epoch: 3
Train Loss: 26.255279541015625
Train Loss: 9.495649337768555
Train Loss: 14.252233505249023
Train Loss: 8.937501907348633
Train Loss: 10.224245071411133
Train Loss: 9.830572128295898
Train Loss: 8.465447425842285
Train Loss: 9.386837005615234
Train Loss: 7.144420623779297
Train Loss: 3.193591594696045
Valid Loss: 9.403975486755371
Valid Loss: 7.833148956298828
Valid Loss: 4.552069187164307
Epoch: 4
Train Loss: 22.885040283203125
Train Loss: 6.061914443969727
Train Loss: 8.396523475646973
Train Loss: 8.27354621887207
Train Loss: 7.488030433654785
Train Loss: 6.4829254150390625
Train Loss: 13.955389976501465
Train Loss: 6.505181312561035
Train Loss: 10.28874397277832
Train Loss: 3.0356409549713135
Valid Loss: 8.381542205810547
Valid Loss: 6.776575088500977
Valid Loss: 3.9684104919433594
Epoch: 5
Train Loss: 5.488668441772461
Train Loss: 7.050778388977051
Train Loss: 9.729778289794922
Train Loss: 22.928165435791016
Train Loss: 6.373493194580078
Train Loss: 5.2739033699035645
Train Loss: 4.967979907989502
Train Loss: 10.6356201171875
Train Loss: 5.674615383148193
Train Loss: 2.345212697982788
Valid Loss: 7.8050055503845215
Valid Loss: 6.203536033630371
Valid Loss: 3.577116012573242
Epoch: 6
Train Loss: 6.128228187561035
Train Loss: 4.423221111297607
Train Loss: 6.802136421203613
Train Loss: 10.422094345092773
Train Loss: 6.212199687957764
Train Loss: 3.5914928913116455
Train Loss: 5.713828086853027
Train Loss: 6.019399166107178
Train Loss: 19.916738510131836
Train Loss: 1.88869309425354
Valid Loss: 7.632177352905273
Valid Loss: 5.98409366607666
Valid Loss: 3.4628145694732666
Epoch: 7
Train Loss: 4.285430431365967
Train Loss: 8.213229179382324
Train Loss: 20.664976119995117
Train Loss: 5.702286720275879
Train Loss: 5.589461326599121
Train Loss: 6.4628520011901855
Train Loss: 5.913163661956787
Train Loss: 7.157600402832031
Train Loss: 4.435843467712402
Train Loss: 1.2366081476211548
Valid Loss: 7.535992622375488
Valid Loss: 5.85834264755249
Valid Loss: 3.4501700401306152
Epoch: 8
Train Loss: 7.722172737121582
Train Loss: 22.000417709350586
Train Loss: 6.510615825653076
Train Loss: 5.274092674255371
Train Loss: 6.570960998535156
Train Loss: 3.728672981262207
Train Loss: 4.149141788482666
Train Loss: 3.9305877685546875
Train Loss: 5.046988010406494
Train Loss: 1.7786903381347656
Valid Loss: 7.430045127868652
Valid Loss: 5.787653923034668
Valid Loss: 3.4068121910095215
Epoch: 9
Train Loss: 4.067770957946777
Train Loss: 4.3514838218688965
Train Loss: 6.822286605834961
Train Loss: 4.616270065307617
Train Loss: 6.483203887939453
Train Loss: 4.7311577796936035
Train Loss: 6.460668563842773
Train Loss: 23.18199348449707
Train Loss: 4.251178741455078
Train Loss: 2.0343942642211914
Valid Loss: 7.27840518951416
Valid Loss: 5.6918439865112305
Valid Loss: 3.3820641040802
Epoch: 10
Train Loss: 4.62780237197876
Train Loss: 4.03391170501709
Train Loss: 4.279503345489502
Train Loss: 17.689443588256836
Train Loss: 5.965137481689453
Train Loss: 5.742257595062256
Train Loss: 3.91750431060791
Train Loss: 5.2690911293029785
Train Loss: 5.851922988891602
Train Loss: 5.171331405639648
Valid Loss: 7.098485946655273
Valid Loss: 5.4841108322143555
Valid Loss: 3.3710498809814453
Epoch: 11
Train Loss: 7.436162948608398
Train Loss: 3.1311404705047607
Train Loss: 6.529646873474121
Train Loss: 6.278677940368652
Train Loss: 5.331675052642822
Train Loss: 18.76468276977539
Train Loss: 4.545846939086914
Train Loss: 4.968794822692871
Train Loss: 3.3734965324401855
Train Loss: 1.465545892715454
Valid Loss: 7.01281213760376
Valid Loss: 5.404726505279541
Valid Loss: 3.3736519813537598
Epoch: 12
Train Loss: 5.0948100090026855
Train Loss: 4.669885635375977
Train Loss: 4.670324802398682
Train Loss: 3.417860984802246
Train Loss: 4.421159267425537
Train Loss: 7.2963972091674805
Train Loss: 3.824047565460205
Train Loss: 6.331087112426758
Train Loss: 21.233810424804688
Train Loss: 1.5891821384429932
Valid Loss: 6.991379737854004
Valid Loss: 5.393153190612793
Valid Loss: 3.3996901512145996
Epoch: 13
Train Loss: 4.654755592346191
Train Loss: 7.128627300262451
Train Loss: 4.609509468078613
Train Loss: 6.546031951904297
Train Loss: 7.098455429077148
Train Loss: 17.55588722229004
Train Loss: 3.9846367835998535
Train Loss: 4.104645252227783
Train Loss: 3.0591297149658203
Train Loss: 1.315786361694336
Valid Loss: 6.946006774902344
Valid Loss: 5.355988502502441
Valid Loss: 3.4035544395446777
Epoch: 14
Train Loss: 4.633840560913086
Train Loss: 6.834805011749268
Train Loss: 7.925899505615234
Train Loss: 3.732485294342041
Train Loss: 3.632539749145508
Train Loss: 3.354675531387329
Train Loss: 4.906998157501221
Train Loss: 17.225818634033203
Train Loss: 4.244317054748535
Train Loss: 1.2366091012954712
Valid Loss: 6.904735088348389
Valid Loss: 5.300267219543457
Valid Loss: 3.403836727142334
Epoch: 15
Train Loss: 4.534956932067871
Train Loss: 7.558738708496094
Train Loss: 4.741237163543701
Train Loss: 5.016149997711182
Train Loss: 3.6623945236206055
Train Loss: 3.5965962409973145
Train Loss: 4.177560329437256
Train Loss: 18.805822372436523
Train Loss: 3.599966287612915
Train Loss: 3.767693281173706
Valid Loss: 6.825339317321777
Valid Loss: 5.2289276123046875
Valid Loss: 3.3650918006896973
Epoch: 16
Train Loss: 3.4629740715026855
Train Loss: 3.895155429840088
Train Loss: 4.272563934326172
Train Loss: 5.3645195960998535
Train Loss: 4.135622978210449
Train Loss: 3.5392227172851562
Train Loss: 4.6775126457214355
Train Loss: 7.064298152923584
Train Loss: 17.6668643951416
Train Loss: 3.640777349472046
Valid Loss: 6.8146562576293945
Valid Loss: 5.214323997497559
Valid Loss: 3.370856761932373
Epoch: 17
Train Loss: 3.7938432693481445
Train Loss: 3.402189254760742
Train Loss: 4.790909767150879
Train Loss: 7.981725215911865
Train Loss: 5.663224697113037
Train Loss: 3.62807035446167
Train Loss: 15.792243003845215
Train Loss: 5.245016098022461
Train Loss: 4.70396614074707
Train Loss: 1.840681791305542
Valid Loss: 6.762359619140625
Valid Loss: 5.1524577140808105
Valid Loss: 3.3451948165893555
Epoch: 18
Train Loss: 3.7207863330841064
Train Loss: 4.233936786651611
Train Loss: 16.904678344726562
Train Loss: 6.348880290985107
Train Loss: 3.523545265197754
Train Loss: 5.140379905700684
Train Loss: 4.158909320831299
Train Loss: 3.909414768218994
Train Loss: 3.088174819946289
Train Loss: 5.394842624664307
Valid Loss: 6.756471633911133
Valid Loss: 5.179252624511719
Valid Loss: 3.3559086322784424
Epoch: 19
Train Loss: 5.249717712402344
Train Loss: 4.427299976348877
Train Loss: 16.12986946105957
Train Loss: 3.129207134246826
Train Loss: 8.45418930053711
Train Loss: 4.153543472290039
Train Loss: 4.753793239593506
Train Loss: 5.1688385009765625
Train Loss: 3.3621578216552734
Train Loss: 1.1606017351150513
Valid Loss: 6.7016143798828125
Valid Loss: 5.100539207458496
Valid Loss: 3.308246612548828
Epoch: 20
Train Loss: 3.6153717041015625
Train Loss: 4.087590217590332
Train Loss: 5.546887397766113
Train Loss: 3.807982921600342
Train Loss: 3.8427414894104004
Train Loss: 16.992067337036133
Train Loss: 4.20819091796875
Train Loss: 3.1891534328460693
Train Loss: 7.708606719970703
Train Loss: 2.1776504516601562
Valid Loss: 6.688920021057129
Valid Loss: 5.069372653961182
Valid Loss: 3.2940218448638916
Epoch: 21
Train Loss: 6.739332675933838
Train Loss: 18.637603759765625
Train Loss: 3.8328325748443604
Train Loss: 3.7892823219299316
Train Loss: 4.920627117156982
Train Loss: 4.219992637634277
Train Loss: 3.340480327606201
Train Loss: 3.524196147918701
Train Loss: 5.268881797790527
Train Loss: 1.0116214752197266
Valid Loss: 6.708595275878906
Valid Loss: 5.161661148071289
Valid Loss: 3.342014789581299
Epoch: 22
Train Loss: 4.2607903480529785
Train Loss: 7.240274429321289
Train Loss: 3.660834312438965
Train Loss: 15.397899627685547
Train Loss: 5.580252170562744
Train Loss: 4.942451000213623
Train Loss: 3.769033908843994
Train Loss: 4.935543537139893
Train Loss: 3.137326955795288
Train Loss: 1.1813583374023438
Valid Loss: 6.680532455444336
Valid Loss: 5.063089370727539
Valid Loss: 3.3297271728515625
Epoch: 23
Train Loss: 5.518194198608398
Train Loss: 5.303330898284912
Train Loss: 17.138521194458008
Train Loss: 3.4426369667053223
Train Loss: 6.12150764465332
Train Loss: 4.371847152709961
Train Loss: 4.543018341064453
Train Loss: 3.527487277984619
Train Loss: 4.510186195373535
Train Loss: 1.3011871576309204
Valid Loss: 6.651663780212402
Valid Loss: 5.176549434661865
Valid Loss: 3.3344547748565674
Epoch: 24
Train Loss: 3.557027816772461
Train Loss: 6.137248992919922
Train Loss: 3.3263816833496094
Train Loss: 3.478461980819702
Train Loss: 3.860832691192627
Train Loss: 15.701412200927734
Train Loss: 4.438113212585449
Train Loss: 3.3650832176208496
Train Loss: 6.941901206970215
Train Loss: 4.154932975769043
Valid Loss: 6.623992919921875
Valid Loss: 5.060027122497559
Valid Loss: 3.3051068782806396
Epoch: 25
Train Loss: 3.174865484237671
Train Loss: 3.2764177322387695
Train Loss: 4.0968017578125
Train Loss: 4.730954647064209
Train Loss: 5.548283576965332
Train Loss: 15.84130859375
Train Loss: 3.3902950286865234
Train Loss: 6.777504920959473
Train Loss: 4.888755798339844
Train Loss: 1.1155388355255127
Valid Loss: 6.6763224601745605
Valid Loss: 5.122147560119629
Valid Loss: 3.331305742263794
Epoch: 26
Train Loss: 3.1409318447113037
Train Loss: 8.009711265563965
Train Loss: 3.6021738052368164
Train Loss: 3.4653120040893555
Train Loss: 3.09377121925354
Train Loss: 14.54983139038086
Train Loss: 4.128543376922607
Train Loss: 4.59251594543457
Train Loss: 5.953022480010986
Train Loss: 1.426742672920227
Valid Loss: 6.578303813934326
Valid Loss: 5.019477367401123
Valid Loss: 3.3159165382385254
Epoch: 27
Train Loss: 6.275030136108398
Train Loss: 3.259030818939209
Train Loss: 14.649382591247559
Train Loss: 4.199211597442627
Train Loss: 5.404023170471191
Train Loss: 4.104047775268555
Train Loss: 4.262850284576416
Train Loss: 4.9575886726379395
Train Loss: 3.0451724529266357
Train Loss: 1.6972895860671997
Valid Loss: 6.707089424133301
Valid Loss: 5.1014862060546875
Valid Loss: 3.372039556503296
Epoch: 28
Train Loss: 4.198941707611084
Train Loss: 4.494144439697266
Train Loss: 4.646071434020996
Train Loss: 5.467798233032227
Train Loss: 15.224056243896484
Train Loss: 6.699106693267822
Train Loss: 3.1844165325164795
Train Loss: 3.549661636352539
Train Loss: 4.124083518981934
Train Loss: 1.9326040744781494
Valid Loss: 6.6394362449646
Valid Loss: 5.132004737854004
Valid Loss: 3.351140022277832
Epoch: 29
Train Loss: 4.520822048187256
Train Loss: 3.4612512588500977
Train Loss: 4.339073657989502
Train Loss: 14.29640007019043
Train Loss: 3.034602165222168
Train Loss: 5.160298824310303
Train Loss: 3.4831724166870117
Train Loss: 6.485748291015625
Train Loss: 3.2665815353393555
Train Loss: 2.199847459793091
Valid Loss: 6.598259925842285
Valid Loss: 5.138520240783691
Valid Loss: 3.334719657897949
