Starting job on gpu21.storrs.hpc.uconn.edu
Starting job on gpu18.storrs.hpc.uconn.edu
asp
Starting job on gpu21.storrs.hpc.uconn.edu
SLURM Job ID: 18061833
ry: /home/shz19039/sasp
Starting job on gpu35.storrs.hpc.uconn.edu
asp
Current working directory: /home/shz19039/sasp
SLURM Job ID: 18061835
Running seed=, alpha=0.1
Running seed=, alpha=0.002
Running seed=, alpha=0.002
Running seed=, alpha=0.002
Running seed=, alpha=0.002
Running seed=, alpha=0.2
Running seed=, alpha=0.005
Running seed=, alpha=0.005
Running seed=, alpha=0.005
Running seed=, alpha=0.005
Running seed=, alpha=0.006
Running seed=, alpha=0.006
Running seed=, alpha=0.006
Running seed=, alpha=0.006
Running seed=, alpha=0.01
Running seed=, alpha=0.01
Running seed=, alpha=0.01
Running seed=, alpha=0.01
Running seed=, alpha=0.03
Running seed=, alpha=0.03
Running seed=, alpha=0.03
Running seed=, alpha=0.03
Running seed=, alpha=0.05
Running seed=, alpha=0.05
Running seed=, alpha=0.05
Running seed=, alpha=0.05
Running seed=, alpha=0.1
Running seed=, alpha=0.1
Running seed=, alpha=0.1
Running seed=, alpha=0.1
Running seed=, alpha=0.2
Running seed=, alpha=0.2
Running seed=, alpha=0.2
Running seed=, alpha=0.2
